<?xml version="1.0" encoding="UTF-8"?>
<!-- Generated by org.testng.reporters.JUnitReportReporter -->
<testsuite hostname="LAPTOP-Q209B3I3" failures="0" tests="2" name="com.landmark.qa.testcases.LoginPageTest" time="11.464" errors="0" timestamp="2023-02-25T20:42:32 GMT" skipped="0">
  <testcase classname="com.landmark.qa.testcases.LoginPageTest" name="verifyUserloginTest" time="4.818"/>
  <system-out/>
  <testcase classname="com.landmark.qa.testcases.LoginPageTest" name="verifyUserLoginWithInvalidCredentialsTest" time="6.646"/>
  <system-out/>
</testsuite> <!-- com.landmark.qa.testcases.LoginPageTest -->
