<?xml version="1.0" encoding="UTF-8"?>
<!-- Generated by org.testng.reporters.JUnitReportReporter -->
<testsuite hostname="LAPTOP-Q209B3I3" failures="0" tests="1" name="com.landmark.qa.testcases.LandmarkLoginPageTest" time="0.843" errors="0" timestamp="2023-02-25T15:12:17 GMT" skipped="0">
  <testcase classname="com.landmark.qa.testcases.LandmarkLoginPageTest" name="verifyUserloginTest" time="0.843"/>
  <system-out/>
</testsuite> <!-- com.landmark.qa.testcases.LandmarkLoginPageTest -->
