<?xml version="1.0" encoding="UTF-8"?>
<!-- Generated by org.testng.reporters.JUnitReportReporter -->
<testsuite hostname="LAPTOP-Q209B3I3" failures="0" tests="1" name="com.platformgroup.qa.testcases.HomePageTests" time="1.101" errors="0" timestamp="2023-02-25T21:28:02 GMT" skipped="0">
  <testcase classname="com.platformgroup.qa.testcases.HomePageTests" name="verifyPrintProductAddedToBasketTest" time="1.101"/>
  <system-out/>
</testsuite> <!-- com.platformgroup.qa.testcases.HomePageTests -->
